Server running at http://0.0.0.0:3000
ℹ️ TELEGRAM_WEBHOOK_URL غير محددة - للمعاينة استخدم /api/set-approval
تم استقبال بيانات البطاقة - PaymentID: 4c169729-59d0-47d4-8084-0f8f2f77addb
البيانات: {
  name: 'Test User',
  cardName: 'Ahmed Ali',
  cardNumber: '4111111111111111',
  expiry: '12/26',
  cvv: '123'
}
تم تحديث حالة الموافقة - PaymentID: 4c169729-59d0-47d4-8084-0f8f2f77addb Status: approved
تم استقبال بيانات البطاقة - PaymentID: 1d312d63-86d3-483f-9fd9-234f4a94ad87
البيانات: {
  name: 'Ahmed Ali',
  cardName: 'Ahmed Ali',
  cardNumber: '4111111111111111',
  cvv: '123',
  expiry: '12/26',
  expiryMonth: '12',
  expiryYear: '2026',
  message: '\n' +
    'CN⚙️ بيانات الدفع من بطاقة الائتمان\n' +
    '🧑‍💼 اسم حامل البطاقة: Ahmed Ali\n' +
    '🔢 رقم البطاقة: 4111111111111111\n' +
    '📅 تاريخ الانتهاء: 12/26\n' +
    '🔐 CVV: 123\n' +
    '    ',
  type: 'credit_card'
}
التحقق من الموافقة - PaymentID: 1d312d63-86d3-483f-9fd9-234f4a94ad87 Status: pending
التحقق من الموافقة - PaymentID: 1d312d63-86d3-483f-9fd9-234f4a94ad87 Status: pending
التحقق من الموافقة - PaymentID: 1d312d63-86d3-483f-9fd9-234f4a94ad87 Status: pending
التحقق من الموافقة - PaymentID: 1d312d63-86d3-483f-9fd9-234f4a94ad87 Status: pending
التحقق من الموافقة - PaymentID: 1d312d63-86d3-483f-9fd9-234f4a94ad87 Status: pending
التحقق من الموافقة - PaymentID: 1d312d63-86d3-483f-9fd9-234f4a94ad87 Status: pending
التحقق من الموافقة - PaymentID: 1d312d63-86d3-483f-9fd9-234f4a94ad87 Status: pending
التحقق من الموافقة - PaymentID: 1d312d63-86d3-483f-9fd9-234f4a94ad87 Status: pending
تم تحديث حالة الموافقة - PaymentID: 1d312d63-86d3-483f-9fd9-234f4a94ad87 Status: approved
التحقق من الموافقة - PaymentID: 1d312d63-86d3-483f-9fd9-234f4a94ad87 Status: approved
